<?xml version="1.0" encoding="utf-8"?>
<coverage line-rate="0.909" branch-rate="1" version="1.9" timestamp="1659195136" lines-covered="20" lines-valid="22" branches-covered="0" branches-valid="0">
  <sources>
    <source>/home/kami/workspace/zube-space/PresenceMonitor/</source>
  </sources>
  <packages>
    <package name="PresenceMonitor.UseCases.Abstractions" line-rate="1" branch-rate="1" complexity="1">
      <classes>
        <class name="PresenceMonitor.UseCases.Abstractions.ProcessMessageCommand" filename="PresenceMonitor.UseCases.Abstractions/ProcessMessageCommand.cs" line-rate="1" branch-rate="1" complexity="1">
          <methods>
            <method name="get_Message" signature="()" line-rate="1" branch-rate="1" complexity="1">
              <lines>
                <line number="6" hits="6" branch="False" />
              </lines>
            </method>
          </methods>
          <lines>
            <line number="6" hits="6" branch="False" />
          </lines>
        </class>
      </classes>
    </package>
    <package name="PresenceMonitor.Messaging.Abstractions" line-rate="0" branch-rate="1" complexity="2">
      <classes>
        <class name="PresenceMonitor.Messaging.Abstractions.Configuration.MqttOptions" filename="PresenceMonitor.Messaging.Abstractions/Configuration/MqttOptions.cs" line-rate="0" branch-rate="1" complexity="2">
          <methods>
            <method name="get_Url" signature="()" line-rate="0" branch-rate="1" complexity="1">
              <lines>
                <line number="6" hits="0" branch="False" />
              </lines>
            </method>
            <method name="get_Topic" signature="()" line-rate="0" branch-rate="1" complexity="1">
              <lines>
                <line number="8" hits="0" branch="False" />
              </lines>
            </method>
          </methods>
          <lines>
            <line number="6" hits="0" branch="False" />
            <line number="8" hits="0" branch="False" />
          </lines>
        </class>
      </classes>
    </package>
    <package name="PresenceMonitor.Worker" line-rate="1" branch-rate="1" complexity="3">
      <classes>
        <class name="PresenceMonitor.Worker.ProcessMessageWorker" filename="PresenceMonitor.Worker/ProcessMessageWorker.cs" line-rate="1" branch-rate="1" complexity="1">
          <methods>
            <method name=".ctor" signature="(Microsoft.Extensions.Logging.ILogger`1&lt;PresenceMonitor.Worker.ProcessMessageWorker&gt;,PresenceMonitor.Messaging.Abstractions.IMessageSubscriber,System.IServiceProvider)" line-rate="1" branch-rate="1" complexity="1">
              <lines>
                <line number="16" hits="3" branch="False" />
                <line number="17" hits="3" branch="False" />
                <line number="18" hits="3" branch="False" />
                <line number="19" hits="3" branch="False" />
                <line number="20" hits="3" branch="False" />
                <line number="21" hits="3" branch="False" />
                <line number="22" hits="3" branch="False" />
                <line number="23" hits="3" branch="False" />
                <line number="24" hits="3" branch="False" />
                <line number="25" hits="3" branch="False" />
              </lines>
            </method>
          </methods>
          <lines>
            <line number="16" hits="3" branch="False" />
            <line number="17" hits="3" branch="False" />
            <line number="18" hits="3" branch="False" />
            <line number="19" hits="3" branch="False" />
            <line number="20" hits="3" branch="False" />
            <line number="21" hits="3" branch="False" />
            <line number="22" hits="3" branch="False" />
            <line number="23" hits="3" branch="False" />
            <line number="24" hits="3" branch="False" />
            <line number="25" hits="3" branch="False" />
          </lines>
        </class>
        <class name="PresenceMonitor.Worker.ProcessMessageWorker/&lt;ExecuteAsync&gt;d__4" filename="PresenceMonitor.Worker/ProcessMessageWorker.cs" line-rate="1" branch-rate="1" complexity="1">
          <methods>
            <method name="MoveNext" signature="()" line-rate="1" branch-rate="1" complexity="1">
              <lines>
                <line number="28" hits="3" branch="False" />
                <line number="29" hits="3" branch="False" />
                <line number="30" hits="3" branch="False" />
                <line number="31" hits="3" branch="False" />
              </lines>
            </method>
          </methods>
          <lines>
            <line number="28" hits="3" branch="False" />
            <line number="29" hits="3" branch="False" />
            <line number="30" hits="3" branch="False" />
            <line number="31" hits="3" branch="False" />
          </lines>
        </class>
        <class name="PresenceMonitor.Worker.ProcessMessageWorker/&lt;HandleMessageReceivedAsync&gt;d__5" filename="PresenceMonitor.Worker/ProcessMessageWorker.cs" line-rate="1" branch-rate="1" complexity="1">
          <methods>
            <method name="MoveNext" signature="()" line-rate="1" branch-rate="1" complexity="1">
              <lines>
                <line number="34" hits="3" branch="False" />
                <line number="35" hits="3" branch="False" />
                <line number="36" hits="3" branch="False" />
                <line number="38" hits="3" branch="False" />
                <line number="39" hits="3" branch="False" />
              </lines>
            </method>
          </methods>
          <lines>
            <line number="34" hits="3" branch="False" />
            <line number="35" hits="3" branch="False" />
            <line number="36" hits="3" branch="False" />
            <line number="38" hits="3" branch="False" />
            <line number="39" hits="3" branch="False" />
          </lines>
        </class>
      </classes>
    </package>
  </packages>
</coverage>